This is pdfTeX, Version 3.141592653-2.6-1.40.25 (TeX Live 2023) (preloaded format=pdflatex 2023.12.18)  3 FEB 2026 12:21
entering extended mode
 restricted \write18 enabled.
 %&-line parsing enabled.
**lecturenotes-119B.tex
(./lecturenotes-119B.tex
LaTeX2e <2022-11-01> patch level 1
L3 programming layer <2023-02-22>
(/usr/local/texlive/2023/texmf-dist/tex/latex/amscls/amsart.cls
Document Class: amsart 2020/05/29 v2.20.6
\linespacing=\dimen140
\normalparindent=\dimen141
\normaltopskip=\skip48
(/usr/local/texlive/2023/texmf-dist/tex/latex/amsmath/amsmath.sty
Package: amsmath 2022/04/08 v2.17n AMS math features
\@mathmargin=\skip49

For additional information on amsmath, use the `?' option.
(/usr/local/texlive/2023/texmf-dist/tex/latex/amsmath/amstext.sty
Package: amstext 2021/08/26 v2.01 AMS text

(/usr/local/texlive/2023/texmf-dist/tex/latex/amsmath/amsgen.sty
File: amsgen.sty 1999/11/30 v2.0 generic functions
\@emptytoks=\toks16
\ex@=\dimen142
))
(/usr/local/texlive/2023/texmf-dist/tex/latex/amsmath/amsbsy.sty
Package: amsbsy 1999/11/29 v1.2d Bold Symbols
\pmbraise@=\dimen143
)
(/usr/local/texlive/2023/texmf-dist/tex/latex/amsmath/amsopn.sty
Package: amsopn 2022/04/08 v2.04 operator names
)
\inf@bad=\count185
LaTeX Info: Redefining \frac on input line 234.
\uproot@=\count186
\leftroot@=\count187
LaTeX Info: Redefining \overline on input line 399.
LaTeX Info: Redefining \colon on input line 410.
\classnum@=\count188
\DOTSCASE@=\count189
LaTeX Info: Redefining \ldots on input line 496.
LaTeX Info: Redefining \dots on input line 499.
LaTeX Info: Redefining \cdots on input line 620.
\Mathstrutbox@=\box51
\strutbox@=\box52
LaTeX Info: Redefining \big on input line 722.
LaTeX Info: Redefining \Big on input line 723.
LaTeX Info: Redefining \bigg on input line 724.
LaTeX Info: Redefining \Bigg on input line 725.
\big@size=\dimen144
LaTeX Font Info:    Redeclaring font encoding OML on input line 743.
LaTeX Font Info:    Redeclaring font encoding OMS on input line 744.
\macc@depth=\count190
LaTeX Info: Redefining \bmod on input line 905.
LaTeX Info: Redefining \pmod on input line 910.
LaTeX Info: Redefining \smash on input line 940.
LaTeX Info: Redefining \relbar on input line 970.
LaTeX Info: Redefining \Relbar on input line 971.
\c@MaxMatrixCols=\count191
\dotsspace@=\muskip16
\c@parentequation=\count192
\dspbrk@lvl=\count193
\tag@help=\toks17
\row@=\count194
\column@=\count195
\maxfields@=\count196
\andhelp@=\toks18
\eqnshift@=\dimen145
\alignsep@=\dimen146
\tagshift@=\dimen147
\tagwidth@=\dimen148
\totwidth@=\dimen149
\lineht@=\dimen150
\@envbody=\toks19
\multlinegap=\skip50
\multlinetaggap=\skip51
\mathdisplay@stack=\toks20
LaTeX Info: Redefining \[ on input line 2953.
LaTeX Info: Redefining \] on input line 2954.
)
LaTeX Font Info:    Trying to load font information for U+msa on input line 397
.

(/usr/local/texlive/2023/texmf-dist/tex/latex/amsfonts/umsa.fd
File: umsa.fd 2013/01/14 v3.01 AMS symbols A
)
(/usr/local/texlive/2023/texmf-dist/tex/latex/amsfonts/amsfonts.sty
Package: amsfonts 2013/01/14 v3.01 Basic AMSFonts support
\symAMSa=\mathgroup4
\symAMSb=\mathgroup5
LaTeX Font Info:    Redeclaring math symbol \hbar on input line 98.
LaTeX Font Info:    Overwriting math alphabet `\mathfrak' in version `bold'
(Font)                  U/euf/m/n --> U/euf/b/n on input line 106.
)
\copyins=\insert199
\abstractbox=\box53
\listisep=\skip52
\c@part=\count197
\c@section=\count198
\c@subsection=\count266
\c@subsubsection=\count267
\c@paragraph=\count268
\c@subparagraph=\count269
\c@figure=\count270
\c@table=\count271
\abovecaptionskip=\skip53
\belowcaptionskip=\skip54
\captionindent=\dimen151
\thm@style=\toks21
\thm@bodyfont=\toks22
\thm@headfont=\toks23
\thm@notefont=\toks24
\thm@headpunct=\toks25
\thm@preskip=\skip55
\thm@postskip=\skip56
\thm@headsep=\skip57
\dth@everypar=\toks26
)
(/usr/local/texlive/2023/texmf-dist/tex/latex/amsfonts/amssymb.sty
Package: amssymb 2013/01/14 v3.01 AMS font symbols
)
(/usr/local/texlive/2023/texmf-dist/tex/latex/graphics/graphicx.sty
Package: graphicx 2021/09/16 v1.2d Enhanced LaTeX Graphics (DPC,SPQR)

(/usr/local/texlive/2023/texmf-dist/tex/latex/graphics/keyval.sty
Package: keyval 2022/05/29 v1.15 key=value parser (DPC)
\KV@toks@=\toks27
)
(/usr/local/texlive/2023/texmf-dist/tex/latex/graphics/graphics.sty
Package: graphics 2022/03/10 v1.4e Standard LaTeX Graphics (DPC,SPQR)

(/usr/local/texlive/2023/texmf-dist/tex/latex/graphics/trig.sty
Package: trig 2021/08/11 v1.11 sin cos tan (DPC)
)
(/usr/local/texlive/2023/texmf-dist/tex/latex/graphics-cfg/graphics.cfg
File: graphics.cfg 2016/06/04 v1.11 sample graphics configuration
)
Package graphics Info: Driver file: pdftex.def on input line 107.

(/usr/local/texlive/2023/texmf-dist/tex/latex/graphics-def/pdftex.def
File: pdftex.def 2022/09/22 v1.2b Graphics/color driver for pdftex
))
\Gin@req@height=\dimen152
\Gin@req@width=\dimen153
)
(/usr/local/texlive/2023/texmf-dist/tex/latex/pict2e/pict2e.sty
Package: pict2e 2020/09/30 v0.4b Improved picture commands (HjG,RN,JT)

(/usr/local/texlive/2023/texmf-dist/tex/latex/pict2e/pict2e.cfg
File: pict2e.cfg 2016/02/05 v0.1u pict2e configuration for teTeX/TeXLive
)
Package pict2e Info: Driver file: pdftex.def on input line 112.
Package pict2e Info: Driver file for pict2e: p2e-pdftex.def on input line 114.

(/usr/local/texlive/2023/texmf-dist/tex/latex/pict2e/p2e-pdftex.def
File: p2e-pdftex.def 2016/02/05 v0.1u Driver-dependant file (RN,HjG,JT)
)
\pIIe@GRAPH=\toks28
\@arclen=\dimen154
\@arcrad=\dimen155
\pIIe@tempdima=\dimen156
\pIIe@tempdimb=\dimen157
\pIIe@tempdimc=\dimen158
\pIIe@tempdimd=\dimen159
\pIIe@tempdime=\dimen160
\pIIe@tempdimf=\dimen161
)
(/usr/local/texlive/2023/texmf-dist/tex/latex/curve2e/curve2e.sty
Package: curve2e 2023-01-01 v.2.2.22 Extension package for pict2e

(/usr/local/texlive/2023/texmf-dist/tex/latex/graphics/color.sty
Package: color 2022/01/06 v1.3d Standard LaTeX Color (DPC)

(/usr/local/texlive/2023/texmf-dist/tex/latex/graphics-cfg/color.cfg
File: color.cfg 2016/01/02 v1.6 sample color configuration
)
Package color Info: Driver file: pdftex.def on input line 149.

(/usr/local/texlive/2023/texmf-dist/tex/latex/graphics/mathcolor.ltx))
(/usr/local/texlive/2023/texmf-dist/tex/latex/l3packages/xparse/xparse.sty
(/usr/local/texlive/2023/texmf-dist/tex/latex/l3kernel/expl3.sty
Package: expl3 2023-02-22 L3 programming layer (loader) 

(/usr/local/texlive/2023/texmf-dist/tex/latex/l3backend/l3backend-pdftex.def
File: l3backend-pdftex.def 2023-01-16 L3 backend support: PDF output (pdfTeX)
\l__color_backend_stack_int=\count272
\l__pdf_internal_box=\box54
))
Package: xparse 2023-02-02 L3 Experimental document command parser
) (/usr/local/texlive/2023/texmf-dist/tex/latex/l3packages/xfp/xfp.sty
Package: xfp 2023-02-02 L3 Floating point unit
)
\@tdA=\dimen162
\@tdB=\dimen163
\@tdC=\dimen164
\@tdD=\dimen165
\@tdE=\dimen166
\@tdF=\dimen167
\defaultlinewidth=\dimen168
\PbDim=\skip58
\legendbox=\box55
\MV@C=\count273
)
(/usr/local/texlive/2023/texmf-dist/tex/latex/tools/enumerate.sty
Package: enumerate 2015/07/23 v3.00 enumerate extensions (DPC)
\@enLab=\toks29
)
(/usr/local/texlive/2023/texmf-dist/tex/latex/mdwtools/mdwlist.sty
Package: mdwlist 1996/05/02 1.1 Various list-related things
)
(/usr/local/texlive/2023/texmf-dist/tex/latex/hyperref/hyperref.sty
Package: hyperref 2023-02-07 v7.00v Hypertext links for LaTeX

(/usr/local/texlive/2023/texmf-dist/tex/generic/ltxcmds/ltxcmds.sty
Package: ltxcmds 2020-05-10 v1.25 LaTeX kernel commands for general use (HO)
)
(/usr/local/texlive/2023/texmf-dist/tex/generic/iftex/iftex.sty
Package: iftex 2022/02/03 v1.0f TeX engine tests
)
(/usr/local/texlive/2023/texmf-dist/tex/generic/pdftexcmds/pdftexcmds.sty
Package: pdftexcmds 2020-06-27 v0.33 Utility functions of pdfTeX for LuaTeX (HO
)

(/usr/local/texlive/2023/texmf-dist/tex/generic/infwarerr/infwarerr.sty
Package: infwarerr 2019/12/03 v1.5 Providing info/warning/error messages (HO)
)
Package pdftexcmds Info: \pdf@primitive is available.
Package pdftexcmds Info: \pdf@ifprimitive is available.
Package pdftexcmds Info: \pdfdraftmode found.
)
(/usr/local/texlive/2023/texmf-dist/tex/latex/kvsetkeys/kvsetkeys.sty
Package: kvsetkeys 2022-10-05 v1.19 Key value parser (HO)
)
(/usr/local/texlive/2023/texmf-dist/tex/generic/kvdefinekeys/kvdefinekeys.sty
Package: kvdefinekeys 2019-12-19 v1.6 Define keys (HO)
)
(/usr/local/texlive/2023/texmf-dist/tex/generic/pdfescape/pdfescape.sty
Package: pdfescape 2019/12/09 v1.15 Implements pdfTeX's escape features (HO)
)
(/usr/local/texlive/2023/texmf-dist/tex/latex/hycolor/hycolor.sty
Package: hycolor 2020-01-27 v1.10 Color options for hyperref/bookmark (HO)
)
(/usr/local/texlive/2023/texmf-dist/tex/latex/letltxmacro/letltxmacro.sty
Package: letltxmacro 2019/12/03 v1.6 Let assignment for LaTeX macros (HO)
)
(/usr/local/texlive/2023/texmf-dist/tex/latex/auxhook/auxhook.sty
Package: auxhook 2019-12-17 v1.6 Hooks for auxiliary files (HO)
)
(/usr/local/texlive/2023/texmf-dist/tex/latex/hyperref/nameref.sty
Package: nameref 2022-05-17 v2.50 Cross-referencing by name of section

(/usr/local/texlive/2023/texmf-dist/tex/latex/refcount/refcount.sty
Package: refcount 2019/12/15 v3.6 Data extraction from label references (HO)
)
(/usr/local/texlive/2023/texmf-dist/tex/generic/gettitlestring/gettitlestring.s
ty
Package: gettitlestring 2019/12/15 v1.6 Cleanup title references (HO)
 (/usr/local/texlive/2023/texmf-dist/tex/latex/kvoptions/kvoptions.sty
Package: kvoptions 2022-06-15 v3.15 Key value format for package options (HO)
))
\c@section@level=\count274
)
\@linkdim=\dimen169
\Hy@linkcounter=\count275
\Hy@pagecounter=\count276

(/usr/local/texlive/2023/texmf-dist/tex/latex/hyperref/pd1enc.def
File: pd1enc.def 2023-02-07 v7.00v Hyperref: PDFDocEncoding definition (HO)
Now handling font encoding PD1 ...
... no UTF-8 mapping file for font encoding PD1
)
(/usr/local/texlive/2023/texmf-dist/tex/generic/intcalc/intcalc.sty
Package: intcalc 2019/12/15 v1.3 Expandable calculations with integers (HO)
)
(/usr/local/texlive/2023/texmf-dist/tex/generic/etexcmds/etexcmds.sty
Package: etexcmds 2019/12/15 v1.7 Avoid name clashes with e-TeX commands (HO)
)
\Hy@SavedSpaceFactor=\count277

(/usr/local/texlive/2023/texmf-dist/tex/latex/hyperref/puenc.def
File: puenc.def 2023-02-07 v7.00v Hyperref: PDF Unicode definition (HO)
Now handling font encoding PU ...
... no UTF-8 mapping file for font encoding PU
)
Package hyperref Info: Hyper figures OFF on input line 4177.
Package hyperref Info: Link nesting OFF on input line 4182.
Package hyperref Info: Hyper index ON on input line 4185.
Package hyperref Info: Plain pages OFF on input line 4192.
Package hyperref Info: Backreferencing OFF on input line 4197.
Package hyperref Info: Implicit mode ON; LaTeX internals redefined.
Package hyperref Info: Bookmarks ON on input line 4425.
\c@Hy@tempcnt=\count278

(/usr/local/texlive/2023/texmf-dist/tex/latex/url/url.sty
\Urlmuskip=\muskip17
Package: url 2013/09/16  ver 3.4  Verb mode for urls, etc.
)
LaTeX Info: Redefining \url on input line 4763.
\XeTeXLinkMargin=\dimen170

(/usr/local/texlive/2023/texmf-dist/tex/generic/bitset/bitset.sty
Package: bitset 2019/12/09 v1.3 Handle bit-vector datatype (HO)

(/usr/local/texlive/2023/texmf-dist/tex/generic/bigintcalc/bigintcalc.sty
Package: bigintcalc 2019/12/15 v1.5 Expandable calculations on big integers (HO
)
))
\Fld@menulength=\count279
\Field@Width=\dimen171
\Fld@charsize=\dimen172
Package hyperref Info: Hyper figures OFF on input line 6042.
Package hyperref Info: Link nesting OFF on input line 6047.
Package hyperref Info: Hyper index ON on input line 6050.
Package hyperref Info: backreferencing OFF on input line 6057.
Package hyperref Info: Link coloring OFF on input line 6062.
Package hyperref Info: Link coloring with OCG OFF on input line 6067.
Package hyperref Info: PDF/A mode OFF on input line 6072.

(/usr/local/texlive/2023/texmf-dist/tex/latex/base/atbegshi-ltx.sty
Package: atbegshi-ltx 2021/01/10 v1.0c Emulation of the original atbegshi
package with kernel methods
)
\Hy@abspage=\count280
\c@Item=\count281
\c@Hfootnote=\count282
)
Package hyperref Info: Driver (autodetected): hpdftex.

(/usr/local/texlive/2023/texmf-dist/tex/latex/hyperref/hpdftex.def
File: hpdftex.def 2023-02-07 v7.00v Hyperref driver for pdfTeX

(/usr/local/texlive/2023/texmf-dist/tex/latex/base/atveryend-ltx.sty
Package: atveryend-ltx 2020/08/19 v1.0a Emulation of the original atveryend pac
kage
with kernel methods
)
\Fld@listcount=\count283
\c@bookmark@seq@number=\count284

(/usr/local/texlive/2023/texmf-dist/tex/latex/rerunfilecheck/rerunfilecheck.sty
Package: rerunfilecheck 2022-07-10 v1.10 Rerun checks for auxiliary files (HO)

(/usr/local/texlive/2023/texmf-dist/tex/generic/uniquecounter/uniquecounter.sty
Package: uniquecounter 2019/12/15 v1.4 Provide unlimited unique counter (HO)
)
Package uniquecounter Info: New unique counter `rerunfilecheck' on input line 2
85.
)
\Hy@SectionHShift=\skip59
)
\c@thm=\count285
\c@example=\count286
\c@exercise=\count287
 (./lecturenotes-119B.aux)
\openout1 = `lecturenotes-119B.aux'.

LaTeX Font Info:    Checking defaults for OML/cmm/m/it on input line 28.
LaTeX Font Info:    ... okay on input line 28.
LaTeX Font Info:    Checking defaults for OMS/cmsy/m/n on input line 28.
LaTeX Font Info:    ... okay on input line 28.
LaTeX Font Info:    Checking defaults for OT1/cmr/m/n on input line 28.
LaTeX Font Info:    ... okay on input line 28.
LaTeX Font Info:    Checking defaults for T1/cmr/m/n on input line 28.
LaTeX Font Info:    ... okay on input line 28.
LaTeX Font Info:    Checking defaults for TS1/cmr/m/n on input line 28.
LaTeX Font Info:    ... okay on input line 28.
LaTeX Font Info:    Checking defaults for OMX/cmex/m/n on input line 28.
LaTeX Font Info:    ... okay on input line 28.
LaTeX Font Info:    Checking defaults for U/cmr/m/n on input line 28.
LaTeX Font Info:    ... okay on input line 28.
LaTeX Font Info:    Checking defaults for PD1/pdf/m/n on input line 28.
LaTeX Font Info:    ... okay on input line 28.
LaTeX Font Info:    Checking defaults for PU/pdf/m/n on input line 28.
LaTeX Font Info:    ... okay on input line 28.
LaTeX Font Info:    Trying to load font information for U+msa on input line 28.


(/usr/local/texlive/2023/texmf-dist/tex/latex/amsfonts/umsa.fd
File: umsa.fd 2013/01/14 v3.01 AMS symbols A
)
LaTeX Font Info:    Trying to load font information for U+msb on input line 28.


(/usr/local/texlive/2023/texmf-dist/tex/latex/amsfonts/umsb.fd
File: umsb.fd 2013/01/14 v3.01 AMS symbols B
)
(/usr/local/texlive/2023/texmf-dist/tex/context/base/mkii/supp-pdf.mkii
[Loading MPS to PDF converter (version 2006.09.02).]
\scratchcounter=\count288
\scratchdimen=\dimen173
\scratchbox=\box56
\nofMPsegments=\count289
\nofMParguments=\count290
\everyMPshowfont=\toks30
\MPscratchCnt=\count291
\MPscratchDim=\dimen174
\MPnumerator=\count292
\makeMPintoPDFobject=\count293
\everyMPtoPDFconversion=\toks31
) (/usr/local/texlive/2023/texmf-dist/tex/latex/epstopdf-pkg/epstopdf-base.sty
Package: epstopdf-base 2020-01-24 v2.11 Base part for package epstopdf
Package epstopdf-base Info: Redefining graphics rule for `.eps' on input line 4
85.

(/usr/local/texlive/2023/texmf-dist/tex/latex/latexconfig/epstopdf-sys.cfg
File: epstopdf-sys.cfg 2010/07/13 v1.3 Configuration of (r)epstopdf for TeX Liv
e
))
Package hyperref Info: Link coloring OFF on input line 28.

(./lecturenotes-119B.out) (./lecturenotes-119B.out)
\@outlinefile=\write3
\openout3 = `lecturenotes-119B.out'.

<figures/optimalswitching.pdf, id=20, 260.17201pt x 260.17201pt>
File: figures/optimalswitching.pdf Graphic file (type pdf)
<use figures/optimalswitching.pdf>
Package pdftex.def Info: figures/optimalswitching.pdf  used on input line 43.
(pdftex.def)             Requested size: 260.17136pt x 260.17136pt.
 (./lecturenotes-119B.toc)
\tf@toc=\write4
\openout4 = `lecturenotes-119B.toc'.


[1{/usr/local/texlive/2023/texmf-var/fonts/map/pdftex/updmap/pdftex.map} <./fig
ures/optimalswitching.pdf>] [2]
Overfull \hbox (3.54344pt too wide) in paragraph at lines 97--99
\OT1/cmr/m/n/12 where $\OT1/cmr/bx/n/12 W$ \OT1/cmr/m/n/12 is the vec-tor field
 $\OT1/cmr/bx/n/12 W \OT1/cmr/m/n/12 = (\OML/cmm/m/it/12 G; \OMS/cmsy/m/n/12 ^^
@\OML/cmm/m/it/12 F\OT1/cmr/m/n/12 )$, and $[]$ is the (2-dimensional
 []

[3] [4] [5] [6] [7] [8] [9] [10] [11] [12] [13]
<figures/doublependulum-flips.png, id=145, 602.25pt x 602.25pt>
File: figures/doublependulum-flips.png Graphic file (type png)
<use figures/doublependulum-flips.png>
Package pdftex.def Info: figures/doublependulum-flips.png  used on input line 4
25.
(pdftex.def)             Requested size: 602.24852pt x 602.24852pt.
 [14 <./figures/doublependulum-flips.png (PNG copy)>] [15] [16] [17]
Underfull \vbox (badness 10000) has occurred while \output is active []

 [18]
[19] [20] [21]
<figures/brachistochrone.pdf, id=199, 260.17201pt x 82.91376pt>
File: figures/brachistochrone.pdf Graphic file (type pdf)
<use figures/brachistochrone.pdf>
Package pdftex.def Info: figures/brachistochrone.pdf  used on input line 631.
(pdftex.def)             Requested size: 260.17136pt x 82.91354pt.
 [22]
<figures/circlelimit3.jpg, id=208, 1027.84pt x 1027.84pt>
File: figures/circlelimit3.jpg Graphic file (type jpg)
<use figures/circlelimit3.jpg>
Package pdftex.def Info: figures/circlelimit3.jpg  used on input line 647.
(pdftex.def)             Requested size: 1027.8375pt x 1027.8375pt.
 [23 <./figures/brachistochrone.pdf>] [24 <./figures/circlelimit3.jpg>]
Underfull \vbox (badness 3861) has occurred while \output is active []

 [25]
[26]
<figures/catenoid.jpg, id=231, 431.6125pt x 210.7875pt>
File: figures/catenoid.jpg Graphic file (type jpg)
<use figures/catenoid.jpg>
Package pdftex.def Info: figures/catenoid.jpg  used on input line 741.
(pdftex.def)             Requested size: 431.61143pt x 210.78699pt.
 [27 <./figures/catenoid.jpg>] [28] [29]
Overfull \hbox (2.09508pt too wide) in paragraph at lines 797--800
[][]\OT1/cmr/bx/n/12 Theorem 6 \OT1/cmr/m/n/12 (Li-ou-ville's the-o-rem)\OT1/cm
r/bx/n/12 . []\OT1/cmr/m/it/12 The phase flow pre-serves area. More
 []

[30] [31] [32]
Overfull \hbox (4.03552pt too wide) in paragraph at lines 938--939
 \OT1/cmr/m/n/12 1.12.\OT1/cmr/bx/n/12 Poincar^^Se re-cur-rence the-o-rem.[] \O
T1/cmr/m/n/12 Li-ou-ville's the-o-rem is the start-
 []

[33] [34] [35]
<figures/pendulumphasediag.pdf, id=301, 260.17201pt x 160.84993pt>
File: figures/pendulumphasediag.pdf Graphic file (type pdf)
<use figures/pendulumphasediag.pdf>
Package pdftex.def Info: figures/pendulumphasediag.pdf  used on input line 1001
.
(pdftex.def)             Requested size: 260.17136pt x 160.84952pt.
<figures/pendulumphasediag3d.pdf, id=302, 245.16193pt x 312.49147pt>
File: figures/pendulumphasediag3d.pdf Graphic file (type pdf)
<use figures/pendulumphasediag3d.pdf>
Package pdftex.def Info: figures/pendulumphasediag3d.pdf  used on input line 10
02.
(pdftex.def)             Requested size: 245.16132pt x 312.49069pt.
 [36 <./figures/pendulumphasediag.pdf> <./figures/pendulumphasediag3d.pdf>] [37
]
<figures/pendulumperiod.pdf, id=327, 260.17201pt x 168.50955pt>
File: figures/pendulumperiod.pdf Graphic file (type pdf)
<use figures/pendulumperiod.pdf>
Package pdftex.def Info: figures/pendulumperiod.pdf  used on input line 1071.
(pdftex.def)             Requested size: 260.17136pt x 168.50914pt.
 [38] [39 <./figures/pendulumperiod.pdf>] [40] [41] [42]
[43] [44] [45] [46]
Overfull \hbox (5.70811pt too wide) in paragraph at lines 1376--1379
\OT1/cmr/bx/n/12 Ex-am-ple 16. \OT1/cmr/m/it/12 Poincar^^Se sec-tion map of an 
ODE. \OT1/cmr/m/n/12 The time-discretization
 []

[47]
<figures/logisticmap28.pdf, id=427, 260.17201pt x 168.7384pt>
File: figures/logisticmap28.pdf Graphic file (type pdf)
<use figures/logisticmap28.pdf>
Package pdftex.def Info: figures/logisticmap28.pdf  used on input line 1393.
(pdftex.def)             Requested size: 260.17136pt x 168.73799pt.
 [48]
<figures/billiards-bunimovichstadium.png, id=434, 803.0pt x 422.57875pt>
File: figures/billiards-bunimovichstadium.png Graphic file (type png)
<use figures/billiards-bunimovichstadium.png>
Package pdftex.def Info: figures/billiards-bunimovichstadium.png  used on input
 line 1406.
(pdftex.def)             Requested size: 802.99805pt x 422.57771pt.
<figures/billiards-sinai.png, id=436, 602.25pt x 602.25pt>
File: figures/billiards-sinai.png Graphic file (type png)
<use figures/billiards-sinai.png>
Package pdftex.def Info: figures/billiards-sinai.png  used on input line 1407.
(pdftex.def)             Requested size: 602.24852pt x 602.24852pt.
<figures/billiard-ellipse.jpg, id=437, 155.58125pt x 145.54375pt>
File: figures/billiard-ellipse.jpg Graphic file (type jpg)
<use figures/billiard-ellipse.jpg>
Package pdftex.def Info: figures/billiard-ellipse.jpg  used on input line 1409.

(pdftex.def)             Requested size: 155.58086pt x 145.54338pt.
<figures/billiard-hyperbola.jpg, id=438, 155.58125pt x 145.54375pt>
File: figures/billiard-hyperbola.jpg Graphic file (type jpg)
<use figures/billiard-hyperbola.jpg>
Package pdftex.def Info: figures/billiard-hyperbola.jpg  used on input line 141
0.
(pdftex.def)             Requested size: 155.58086pt x 145.54338pt.

Overfull \hbox (1.27808pt too wide) in paragraph at lines 1405--1412
 [] 
 []


Underfull \hbox (badness 1107) in paragraph at lines 1412--1412
\OT1/cmr/m/n/12 movich sta-dium''; (b) The ``Sinai bil-liard'' (source:
 []

[49 <./figures/logisticmap28.pdf>] [50 <./figures/billiards-bunimovichstadium.p
ng> <./figures/billiards-sinai.png> <./figures/billiard-ellipse.jpg> <./figures
/billiard-hyperbola.jpg>]
<figures/doublingmap.pdf, id=461, 260.17201pt x 168.7384pt>
File: figures/doublingmap.pdf Graphic file (type pdf)
<use figures/doublingmap.pdf>
Package pdftex.def Info: figures/doublingmap.pdf  used on input line 1467.
(pdftex.def)             Requested size: 260.17136pt x 168.73799pt.
<figures/circlerotation03.pdf, id=462, 260.17201pt x 168.7384pt>
File: figures/circlerotation03.pdf Graphic file (type pdf)
<use figures/circlerotation03.pdf>
Package pdftex.def Info: figures/circlerotation03.pdf  used on input line 1469.

(pdftex.def)             Requested size: 260.17136pt x 168.73799pt.
<figures/tentmap.pdf, id=463, 260.17201pt x 168.7384pt>
File: figures/tentmap.pdf Graphic file (type pdf)
<use figures/tentmap.pdf>
Package pdftex.def Info: figures/tentmap.pdf  used on input line 1471.
(pdftex.def)             Requested size: 260.17136pt x 168.73799pt.
<figures/gaussmap.pdf, id=464, 260.17201pt x 162.64865pt>
File: figures/gaussmap.pdf Graphic file (type pdf)
<use figures/gaussmap.pdf>
Package pdftex.def Info: figures/gaussmap.pdf  used on input line 1473.
(pdftex.def)             Requested size: 260.17136pt x 162.64825pt.
 [51] [52 <./figures/doublingmap.pdf> <./figures/circlerotation03.pdf> <./figur
es/tentmap.pdf> <./figures/gaussmap.pdf>] [53]
[54] [55]
Overfull \hbox (7.29327pt too wide) in paragraph at lines 1547--1548
\OT1/cmr/bx/n/12 Ex-am-ple 28. \OT1/cmr/m/it/12 Dou-bling map. \OT1/cmr/m/n/12 
The dou-bling map also pre-serves Lebesgue
 []

[56] [57]
<figures/slowgauss.pdf, id=527, 260.17201pt x 162.64865pt>
File: figures/slowgauss.pdf Graphic file (type pdf)
<use figures/slowgauss.pdf>
Package pdftex.def Info: figures/slowgauss.pdf  used on input line 1650.
(pdftex.def)             Requested size: 260.17136pt x 162.64825pt.
<figures/pythagorean.pdf, id=528, 260.17201pt x 162.64865pt>
File: figures/pythagorean.pdf Graphic file (type pdf)
<use figures/pythagorean.pdf>
Package pdftex.def Info: figures/pythagorean.pdf  used on input line 1652.
(pdftex.def)             Requested size: 260.17136pt x 162.64825pt.
 [58] [59 <./figures/slowgauss.pdf> <./figures/pythagorean.pdf>]
[60] [61]
Overfull \hbox (8.69281pt too wide) in paragraph at lines 1730--1733
[][]\OT1/cmr/bx/n/12 Theorem 13. []\OT1/cmr/m/it/12 All num-bers $\OML/cmm/m/it
/12 x \OMS/cmsy/m/n/12 2 \OT1/cmr/m/n/12 (0\OML/cmm/m/it/12 ; \OT1/cmr/m/n/12 1
)$ \OT1/cmr/m/it/12 ex-cept those ly-ing in some measure-
 []

[62] [63] [64] [65]
Overfull \hbox (6.09622pt too wide) in paragraph at lines 1849--1853
\OT1/cmr/m/n/12 where $\OT1/cmr/bx/n/12 x$ \OT1/cmr/m/n/12 is a $\OML/cmm/m/it/
12 d$\OT1/cmr/m/n/12 -dimensional vec-tor dy-namic vari-able and []
 []

[66]
<figures/kapitza.png, id=601, 501.875pt x 806.01125pt>
File: figures/kapitza.png Graphic file (type png)
<use figures/kapitza.png>
Package pdftex.def Info: figures/kapitza.png  used on input line 1862.
(pdftex.def)             Requested size: 501.87376pt x 806.00928pt.
 [67 <./figures/kapitza.png>] [68]
<figures/drivingforce.pdf, id=615, 260.17201pt x 161.63788pt>
File: figures/drivingforce.pdf Graphic file (type pdf)
<use figures/drivingforce.pdf>
Package pdftex.def Info: figures/drivingforce.pdf  used on input line 1908.
(pdftex.def)             Requested size: 260.17136pt x 161.63747pt.
 [69 <./figures/drivingforce.pdf>]
[70] [71] [72]
Overfull \hbox (16.63646pt too wide) detected at line 2076
[]
 []


Underfull \hbox (badness 5077) in paragraph at lines 2086--2086
[][][][]\OT1/cmr/m/n/10 see equa-tions (2.11), (2.12), (2.33) and (2.34) in the
 pa-per \OT1/cmr/m/it/10 The-
 []


Underfull \hbox (badness 10000) in paragraph at lines 2086--2086
\OT1/cmr/m/it/10 ory of the al-ter-nat-ing gra-di-ent syn-chrotron\OT1/cmr/m/n/
10 , by E. D. Courant and
 []


Underfull \hbox (badness 3746) in paragraph at lines 2086--2086
\OT1/cmr/m/n/10 H. S. Sny-der (An-nals of Physics \OT1/cmr/bx/n/10 3 \OT1/cmr/m
/n/10 (1958), 1--48), avail-able on-line at
 []

[73] [74] [75]
<figures/phasediag-gravity.pdf, id=693, 260.17201pt x 260.17201pt>
File: figures/phasediag-gravity.pdf Graphic file (type pdf)
<use figures/phasediag-gravity.pdf>
Package pdftex.def Info: figures/phasediag-gravity.pdf  used on input line 2124
.
(pdftex.def)             Requested size: 260.17136pt x 260.17136pt.
<figures/phasediag-magnet-unstable.pdf, id=697, 260.17201pt x 260.17201pt>
File: figures/phasediag-magnet-unstable.pdf Graphic file (type pdf)
<use figures/phasediag-magnet-unstable.pdf>
Package pdftex.def Info: figures/phasediag-magnet-unstable.pdf  used on input l
ine 2134.
(pdftex.def)             Requested size: 260.17136pt x 260.17136pt.
 [76 <./figures/phasediag-gravity.pdf>] [77 <./figures/phasediag-magnet-unstabl
e.pdf>]
<figures/phasediag-magnet-stable.pdf, id=715, 260.17201pt x 260.17201pt>
File: figures/phasediag-magnet-stable.pdf Graphic file (type pdf)
<use figures/phasediag-magnet-stable.pdf>
Package pdftex.def Info: figures/phasediag-magnet-stable.pdf  used on input lin
e 2155.
(pdftex.def)             Requested size: 260.17136pt x 260.17136pt.
 [78 <./figures/phasediag-magnet-stable.pdf>]
<figures/phasediag-magnet-optimal.pdf, id=724, 260.17201pt x 260.17201pt>
File: figures/phasediag-magnet-optimal.pdf Graphic file (type pdf)
<use figures/phasediag-magnet-optimal.pdf>
Package pdftex.def Info: figures/phasediag-magnet-optimal.pdf  used on input li
ne 2180.
(pdftex.def)             Requested size: 260.17136pt x 260.17136pt.
<figures/levitator1.JPG, id=725, 1638.12pt x 1228.59pt>
File: figures/levitator1.JPG Graphic file (type jpg)
<use figures/levitator1.JPG>
Package pdftex.def Info: figures/levitator1.JPG  used on input line 2198.
(pdftex.def)             Requested size: 1638.11601pt x 1228.587pt.
 [79]
Underfull \vbox (badness 2529) has occurred while \output is active []

 [80 <./figures/phasediag-magnet-optimal.pdf> <./figures/levitator1.JPG>] [81] 
[82]
[83] [84]
<figures/invertedpendulum-cart.pdf, id=779, 263.98625pt x 234.8775pt>
File: figures/invertedpendulum-cart.pdf Graphic file (type pdf)
<use figures/invertedpendulum-cart.pdf>
Package pdftex.def Info: figures/invertedpendulum-cart.pdf  used on input line 
2353.
(pdftex.def)             Requested size: 263.9856pt x 234.87692pt.
 [85 <./figures/invertedpendulum-cart.pdf>]

LaTeX Font Warning: Command \SMALL invalid in math mode on input line 2377.


LaTeX Font Warning: Command \SMALL invalid in math mode on input line 2377.


LaTeX Font Warning: Command \SMALL invalid in math mode on input line 2377.


LaTeX Font Warning: Command \SMALL invalid in math mode on input line 2377.


LaTeX Font Warning: Command \SMALL invalid in math mode on input line 2377.


LaTeX Font Warning: Command \SMALL invalid in math mode on input line 2377.


LaTeX Font Warning: Command \SMALL invalid in math mode on input line 2388.


LaTeX Font Warning: Command \SMALL invalid in math mode on input line 2388.


LaTeX Font Warning: Command \SMALL invalid in math mode on input line 2388.


LaTeX Font Warning: Command \SMALL invalid in math mode on input line 2388.

[86]
Overfull \hbox (4.29875pt too wide) in paragraph at lines 2421--2422
[]\OT1/cmr/m/n/12 R. Grimshaw, Non-lin-ear Or-di-nary Dif-fer-en-tial Equa-tion
s. Black-
 []


Overfull \hbox (50.80579pt too wide) in paragraph at lines 2422--2425
[]\OT1/cmtt/m/n/12 http://www.math.ucdavis.edu/\OT1/cmr/m/n/12 ~\OT1/cmtt/m/n/1
2 hunter/m280[]09/applied[]math.html[] 
 []


Overfull \hbox (3.2918pt too wide) in paragraph at lines 2425--2426
[]\OT1/cmr/m/n/12 L. A. Pars, An In-tro-duc-tion to the Cal-cu-lus of Vari-a-ti
ons. Heine-
 []


Overfull \hbox (23.38878pt too wide) in paragraph at lines 2430--2433
[]\OT1/cmtt/m/n/12 http://www.math.ucdavis.edu/\OT1/cmr/m/n/12 ~\OT1/cmtt/m/n/1
2 romik/teaching/mat235/#235b[] 
 []

[87] (./lecturenotes-119B.aux)
Package rerunfilecheck Info: File `lecturenotes-119B.out' has not changed.
(rerunfilecheck)             Checksum: EC0F10A0EE0B926D3212DD94A2879804;929.
 ) 
Here is how much of TeX's memory you used:
 11140 strings out of 476025
 172718 string characters out of 5790016
 1871388 words of memory out of 5000000
 30979 multiletter control sequences out of 15000+600000
 523528 words of font info for 76 fonts, out of 8000000 for 9000
 1302 hyphenation exceptions out of 8191
 75i,25n,100p,2037b,550s stack positions out of 10000i,1000n,20000p,200000b,200000s
</usr/local/texlive/2023/texmf-dist/fonts/type1/public/amsfonts/cm/cmbx10.pfb
></usr/local/texlive/2023/texmf-dist/fonts/type1/public/amsfonts/cm/cmbx12.pfb>
</usr/local/texlive/2023/texmf-dist/fonts/type1/public/amsfonts/cm/cmbx8.pfb></
usr/local/texlive/2023/texmf-dist/fonts/type1/public/amsfonts/cm/cmcsc10.pfb></
usr/local/texlive/2023/texmf-dist/fonts/type1/public/amsfonts/cm/cmex10.pfb></u
sr/local/texlive/2023/texmf-dist/fonts/type1/public/amsfonts/cmextra/cmex8.pfb>
</usr/local/texlive/2023/texmf-dist/fonts/type1/public/amsfonts/cm/cmmi12.pfb><
/usr/local/texlive/2023/texmf-dist/fonts/type1/public/amsfonts/cm/cmmi6.pfb></u
sr/local/texlive/2023/texmf-dist/fonts/type1/public/amsfonts/cm/cmmi8.pfb></usr
/local/texlive/2023/texmf-dist/fonts/type1/public/amsfonts/cm/cmmi9.pfb></usr/l
ocal/texlive/2023/texmf-dist/fonts/type1/public/amsfonts/cm/cmr10.pfb></usr/loc
al/texlive/2023/texmf-dist/fonts/type1/public/amsfonts/cm/cmr12.pfb></usr/local
/texlive/2023/texmf-dist/fonts/type1/public/amsfonts/cm/cmr6.pfb></usr/local/te
xlive/2023/texmf-dist/fonts/type1/public/amsfonts/cm/cmr8.pfb></usr/local/texli
ve/2023/texmf-dist/fonts/type1/public/amsfonts/cm/cmr9.pfb></usr/local/texlive/
2023/texmf-dist/fonts/type1/public/amsfonts/cm/cmsy10.pfb></usr/local/texlive/2
023/texmf-dist/fonts/type1/public/amsfonts/cm/cmsy6.pfb></usr/local/texlive/202
3/texmf-dist/fonts/type1/public/amsfonts/cm/cmsy8.pfb></usr/local/texlive/2023/
texmf-dist/fonts/type1/public/amsfonts/cm/cmti10.pfb></usr/local/texlive/2023/t
exmf-dist/fonts/type1/public/amsfonts/cm/cmti12.pfb></usr/local/texlive/2023/te
xmf-dist/fonts/type1/public/amsfonts/cm/cmtt10.pfb></usr/local/texlive/2023/tex
mf-dist/fonts/type1/public/amsfonts/cm/cmtt12.pfb></usr/local/texlive/2023/texm
f-dist/fonts/type1/public/amsfonts/cm/cmtt8.pfb></usr/local/texlive/2023/texmf-
dist/fonts/type1/public/amsfonts/symbols/msam10.pfb></usr/local/texlive/2023/te
xmf-dist/fonts/type1/public/amsfonts/symbols/msbm10.pfb>
Output written on lecturenotes-119B.pdf (87 pages, 2867881 bytes).
PDF statistics:
 1000 PDF objects out of 1000 (max. 8388607)
 808 compressed objects within 9 object streams
 262 named destinations out of 1000 (max. 500000)
 168 words of extra memory for PDF output out of 10000 (max. 10000000)

